<?xml version="1.0" encoding="UTF-8"?>
<testsuite name="EchoTest" tests="1" skipped="0" failures="0" errors="0" timestamp="2022-09-30T11:31:06" hostname="LAPTOP-83EHKA7V" time="4.42">
  <properties/>
  <testcase name="EchoJson()" classname="EchoTest" time="4.42"/>
  <system-out><![CDATA[]]></system-out>
  <system-err><![CDATA[]]></system-err>
</testsuite>
